{"level":"INFO","message":"[4:23:57.292 PM]: Trying to initialize Easy Logging"}
{"level":"INFO","message":"[4:23:57.326 PM]: No client config file found in default directories"}
{"level":"INFO","message":"[4:23:57.327 PM]: Easy Logging is disabled as no config has been found"}
{"level":"INFO","message":"[4:25:58.393 PM]: Trying to initialize Easy Logging"}
{"level":"INFO","message":"[4:25:58.425 PM]: No client config file found in default directories"}
{"level":"INFO","message":"[4:25:58.425 PM]: Easy Logging is disabled as no config has been found"}
{"level":"INFO","message":"[4:26:12.485 PM]: Trying to initialize Easy Logging"}
{"level":"INFO","message":"[4:26:12.489 PM]: No client config file found in default directories"}
{"level":"INFO","message":"[4:26:12.489 PM]: Easy Logging is disabled as no config has been found"}
{"level":"INFO","message":"[4:28:08.942 PM]: Trying to initialize Easy Logging"}
{"level":"INFO","message":"[4:28:08.949 PM]: No client config file found in default directories"}
{"level":"INFO","message":"[4:28:08.949 PM]: Easy Logging is disabled as no config has been found"}
{"level":"INFO","message":"[4:52:45.046 PM]: Trying to initialize Easy Logging"}
{"level":"INFO","message":"[4:52:45.061 PM]: No client config file found in default directories"}
{"level":"INFO","message":"[4:52:45.062 PM]: Easy Logging is disabled as no config has been found"}
{"level":"INFO","message":"[4:53:40.848 PM]: Trying to initialize Easy Logging"}
{"level":"INFO","message":"[4:53:40.854 PM]: No client config file found in default directories"}
{"level":"INFO","message":"[4:53:40.855 PM]: Easy Logging is disabled as no config has been found"}
{"level":"INFO","message":"[4:54:17.846 PM]: Trying to initialize Easy Logging"}
{"level":"INFO","message":"[4:54:17.857 PM]: No client config file found in default directories"}
{"level":"INFO","message":"[4:54:17.857 PM]: Easy Logging is disabled as no config has been found"}
{"level":"INFO","message":"[4:57:24.919 PM]: Trying to initialize Easy Logging"}
{"level":"INFO","message":"[4:57:24.926 PM]: No client config file found in default directories"}
{"level":"INFO","message":"[4:57:24.926 PM]: Easy Logging is disabled as no config has been found"}
{"level":"INFO","message":"[4:58:55.545 PM]: Trying to initialize Easy Logging"}
{"level":"INFO","message":"[4:58:55.724 PM]: No client config file found in default directories"}
{"level":"INFO","message":"[4:58:55.725 PM]: Easy Logging is disabled as no config has been found"}
{"level":"INFO","message":"[4:59:40.223 PM]: Trying to initialize Easy Logging"}
{"level":"INFO","message":"[4:59:40.245 PM]: No client config file found in default directories"}
{"level":"INFO","message":"[4:59:40.245 PM]: Easy Logging is disabled as no config has been found"}
{"level":"INFO","message":"[4:59:53.652 PM]: Trying to initialize Easy Logging"}
{"level":"INFO","message":"[4:59:53.666 PM]: No client config file found in default directories"}
{"level":"INFO","message":"[4:59:53.666 PM]: Easy Logging is disabled as no config has been found"}
{"level":"INFO","message":"[5:01:06.598 PM]: Trying to initialize Easy Logging"}
{"level":"INFO","message":"[5:01:06.613 PM]: No client config file found in default directories"}
{"level":"INFO","message":"[5:01:06.613 PM]: Easy Logging is disabled as no config has been found"}
{"level":"INFO","message":"[5:03:31.054 PM]: Trying to initialize Easy Logging"}
{"level":"INFO","message":"[5:03:31.074 PM]: No client config file found in default directories"}
{"level":"INFO","message":"[5:03:31.075 PM]: Easy Logging is disabled as no config has been found"}
{"level":"INFO","message":"[5:06:03.604 PM]: Trying to initialize Easy Logging"}
{"level":"INFO","message":"[5:06:03.611 PM]: No client config file found in default directories"}
{"level":"INFO","message":"[5:06:03.612 PM]: Easy Logging is disabled as no config has been found"}
{"level":"INFO","message":"[6:25:39.958 PM]: Trying to initialize Easy Logging"}
{"level":"INFO","message":"[6:25:39.965 PM]: No client config file found in default directories"}
{"level":"INFO","message":"[6:25:39.965 PM]: Easy Logging is disabled as no config has been found"}
{"level":"INFO","message":"[6:53:45.593 PM]: Trying to initialize Easy Logging"}
{"level":"INFO","message":"[6:53:45.600 PM]: No client config file found in default directories"}
{"level":"INFO","message":"[6:53:45.601 PM]: Easy Logging is disabled as no config has been found"}
{"level":"INFO","message":"[7:27:38.199 PM]: Trying to initialize Easy Logging"}
{"level":"INFO","message":"[7:27:38.208 PM]: No client config file found in default directories"}
{"level":"INFO","message":"[7:27:38.208 PM]: Easy Logging is disabled as no config has been found"}
{"level":"INFO","message":"[6:57:55.269 AM]: Trying to initialize Easy Logging"}
{"level":"INFO","message":"[6:57:55.274 AM]: No client config file found in default directories"}
{"level":"INFO","message":"[6:57:55.274 AM]: Easy Logging is disabled as no config has been found"}
{"level":"INFO","message":"[6:59:49.524 AM]: Trying to initialize Easy Logging"}
{"level":"INFO","message":"[6:59:49.527 AM]: No client config file found in default directories"}
{"level":"INFO","message":"[6:59:49.528 AM]: Easy Logging is disabled as no config has been found"}
{"level":"INFO","message":"[7:03:43.943 AM]: Trying to initialize Easy Logging"}
{"level":"INFO","message":"[7:03:43.950 AM]: No client config file found in default directories"}
{"level":"INFO","message":"[7:03:43.950 AM]: Easy Logging is disabled as no config has been found"}
{"level":"INFO","message":"[7:05:58.289 AM]: Trying to initialize Easy Logging"}
{"level":"INFO","message":"[7:05:58.296 AM]: No client config file found in default directories"}
{"level":"INFO","message":"[7:05:58.297 AM]: Easy Logging is disabled as no config has been found"}
{"level":"INFO","message":"[7:11:17.930 AM]: Trying to initialize Easy Logging"}
{"level":"INFO","message":"[7:11:17.935 AM]: No client config file found in default directories"}
{"level":"INFO","message":"[7:11:17.936 AM]: Easy Logging is disabled as no config has been found"}
{"level":"INFO","message":"[7:12:08.876 AM]: Trying to initialize Easy Logging"}
{"level":"INFO","message":"[7:12:08.882 AM]: No client config file found in default directories"}
{"level":"INFO","message":"[7:12:08.882 AM]: Easy Logging is disabled as no config has been found"}
{"level":"INFO","message":"[7:13:27.075 AM]: Trying to initialize Easy Logging"}
{"level":"INFO","message":"[7:13:27.080 AM]: No client config file found in default directories"}
{"level":"INFO","message":"[7:13:27.081 AM]: Easy Logging is disabled as no config has been found"}
{"level":"INFO","message":"[7:14:07.145 AM]: Trying to initialize Easy Logging"}
{"level":"INFO","message":"[7:14:07.176 AM]: No client config file found in default directories"}
{"level":"INFO","message":"[7:14:07.177 AM]: Easy Logging is disabled as no config has been found"}
{"level":"INFO","message":"[8:24:20.878 AM]: Trying to initialize Easy Logging"}
{"level":"INFO","message":"[8:24:20.885 AM]: No client config file found in default directories"}
{"level":"INFO","message":"[8:24:20.886 AM]: Easy Logging is disabled as no config has been found"}
{"level":"INFO","message":"[8:25:20.167 AM]: Trying to initialize Easy Logging"}
{"level":"INFO","message":"[8:25:20.177 AM]: No client config file found in default directories"}
{"level":"INFO","message":"[8:25:20.178 AM]: Easy Logging is disabled as no config has been found"}
{"level":"INFO","message":"[8:26:23.857 AM]: Trying to initialize Easy Logging"}
{"level":"INFO","message":"[8:26:23.867 AM]: No client config file found in default directories"}
{"level":"INFO","message":"[8:26:23.867 AM]: Easy Logging is disabled as no config has been found"}
{"level":"INFO","message":"[8:27:05.515 AM]: Trying to initialize Easy Logging"}
{"level":"INFO","message":"[8:27:05.523 AM]: No client config file found in default directories"}
{"level":"INFO","message":"[8:27:05.523 AM]: Easy Logging is disabled as no config has been found"}
{"level":"INFO","message":"[8:29:03.946 AM]: Trying to initialize Easy Logging"}
{"level":"INFO","message":"[8:29:03.953 AM]: No client config file found in default directories"}
{"level":"INFO","message":"[8:29:03.954 AM]: Easy Logging is disabled as no config has been found"}
{"level":"INFO","message":"[8:30:09.861 AM]: Trying to initialize Easy Logging"}
{"level":"INFO","message":"[8:30:09.875 AM]: No client config file found in default directories"}
{"level":"INFO","message":"[8:30:09.875 AM]: Easy Logging is disabled as no config has been found"}
{"level":"INFO","message":"[8:31:39.124 AM]: Trying to initialize Easy Logging"}
{"level":"INFO","message":"[8:31:39.133 AM]: No client config file found in default directories"}
{"level":"INFO","message":"[8:31:39.134 AM]: Easy Logging is disabled as no config has been found"}
{"level":"INFO","message":"[8:32:39.883 AM]: Trying to initialize Easy Logging"}
{"level":"INFO","message":"[8:32:39.892 AM]: No client config file found in default directories"}
{"level":"INFO","message":"[8:32:39.892 AM]: Easy Logging is disabled as no config has been found"}
{"level":"INFO","message":"[8:33:02.443 AM]: Trying to initialize Easy Logging"}
{"level":"INFO","message":"[8:33:02.448 AM]: No client config file found in default directories"}
{"level":"INFO","message":"[8:33:02.448 AM]: Easy Logging is disabled as no config has been found"}
{"level":"INFO","message":"[9:14:26.296 AM]: Trying to initialize Easy Logging"}
{"level":"INFO","message":"[9:14:26.303 AM]: No client config file found in default directories"}
{"level":"INFO","message":"[9:14:26.304 AM]: Easy Logging is disabled as no config has been found"}
{"level":"INFO","message":"[9:14:51.258 AM]: Trying to initialize Easy Logging"}
{"level":"INFO","message":"[9:14:51.261 AM]: No client config file found in default directories"}
{"level":"INFO","message":"[9:14:51.261 AM]: Easy Logging is disabled as no config has been found"}
{"level":"INFO","message":"[9:15:17.815 AM]: Trying to initialize Easy Logging"}
{"level":"INFO","message":"[9:15:17.819 AM]: No client config file found in default directories"}
{"level":"INFO","message":"[9:15:17.820 AM]: Easy Logging is disabled as no config has been found"}
{"level":"INFO","message":"[9:55:02.377 AM]: Trying to initialize Easy Logging"}
{"level":"INFO","message":"[9:55:02.381 AM]: No client config file found in default directories"}
{"level":"INFO","message":"[9:55:02.382 AM]: Easy Logging is disabled as no config has been found"}
{"level":"INFO","message":"[9:55:12.325 AM]: Trying to initialize Easy Logging"}
{"level":"INFO","message":"[9:55:12.342 AM]: No client config file found in default directories"}
{"level":"INFO","message":"[9:55:12.342 AM]: Easy Logging is disabled as no config has been found"}
{"level":"INFO","message":"[3:02:28.317 PM]: Trying to initialize Easy Logging"}
{"level":"INFO","message":"[3:02:28.323 PM]: No client config file found in default directories"}
{"level":"INFO","message":"[3:02:28.323 PM]: Easy Logging is disabled as no config has been found"}
{"level":"INFO","message":"[3:11:42.441 PM]: Trying to initialize Easy Logging"}
{"level":"INFO","message":"[3:11:42.446 PM]: No client config file found in default directories"}
{"level":"INFO","message":"[3:11:42.446 PM]: Easy Logging is disabled as no config has been found"}
{"level":"INFO","message":"[3:12:04.950 PM]: Trying to initialize Easy Logging"}
{"level":"INFO","message":"[3:12:04.953 PM]: No client config file found in default directories"}
{"level":"INFO","message":"[3:12:04.954 PM]: Easy Logging is disabled as no config has been found"}
{"level":"INFO","message":"[3:12:53.505 PM]: Trying to initialize Easy Logging"}
{"level":"INFO","message":"[3:12:53.508 PM]: No client config file found in default directories"}
{"level":"INFO","message":"[3:12:53.509 PM]: Easy Logging is disabled as no config has been found"}
{"level":"INFO","message":"[7:28:51.797 AM]: Trying to initialize Easy Logging"}
{"level":"INFO","message":"[7:28:52.247 AM]: No client config file found in default directories"}
{"level":"INFO","message":"[7:28:52.248 AM]: Easy Logging is disabled as no config has been found"}
{"level":"INFO","message":"[7:30:57.385 AM]: Trying to initialize Easy Logging"}
{"level":"INFO","message":"[7:30:57.389 AM]: No client config file found in default directories"}
{"level":"INFO","message":"[7:30:57.389 AM]: Easy Logging is disabled as no config has been found"}
{"level":"INFO","message":"[7:31:35.767 AM]: Trying to initialize Easy Logging"}
{"level":"INFO","message":"[7:31:35.771 AM]: No client config file found in default directories"}
{"level":"INFO","message":"[7:31:35.772 AM]: Easy Logging is disabled as no config has been found"}
